\BOOKMARK [-1][]{ctitle.-1}{\376\377\127\372\116\216\176\271\164\006\162\171\137\201\166\204\220\145\141\037\126\376\120\317\122\006\174\173\145\271\154\325\170\024\172\166}{}% 1
\BOOKMARK [0][]{cabstract.0}{\376\377\144\130\000\040\000\040\211\201}{ctitle.-1}% 2
\BOOKMARK [0][]{eabstract.0}{\376\377\000A\000B\000S\000T\000R\000A\000C\000T}{ctitle.-1}% 3
\BOOKMARK [0][]{mulu.0}{\376\377\166\356\000\040\000\040\137\125}{ctitle.-1}% 4
\BOOKMARK [0][]{section*.5}{\376\377\173\054\116\000\172\340\000\040\000\040\121\163\116\216\000\040\000L\000a\000T\000e\000X\000\040}{ctitle.-1}% 5
\BOOKMARK [1][]{section*.6}{\376\377\0001\000.\0001\000\040\173\200\116\313}{section*.5}% 6
\BOOKMARK [1][]{section*.7}{\376\377\0001\000.\0002\000\040\221\312\116\111}{section*.5}% 7
\BOOKMARK [1][]{section*.8}{\376\377\0001\000.\0003\000\040\123\206\123\362}{section*.5}% 8
\BOOKMARK [2][]{section*.9}{\376\377\0001\000.\0003\000.\0001\000\040\000\040\000T\000e\000X\000\040\150\074\137\017}{section*.8}% 9
\BOOKMARK [2][]{section*.10}{\376\377\0001\000.\0003\000.\0002\000\040\000P\000l\000a\000i\000n\000\040\000T\000e\000X}{section*.8}% 10
\BOOKMARK [2][]{section*.11}{\376\377\0001\000.\0003\000.\0003\000\040\000\040\000L\000a\000T\000e\000X\000\040}{section*.8}% 11
\BOOKMARK [2][]{section*.12}{\376\377\0001\000.\0003\000.\0004\000\040\000L\000a\000T\000e\000X\0002\000e}{section*.8}% 12
\BOOKMARK [2][]{section*.13}{\376\377\0001\000.\0003\000.\0005\000\040\000\040\000L\000a\000T\000e\000X\000\040\124\004\162\110\147\054\121\163\174\373}{section*.8}% 13
\BOOKMARK [0][]{section*.14}{\376\377\173\054\116\214\172\340\000\040\000\040\131\202\117\125\117\177\165\050\147\054\152\041\147\177}{ctitle.-1}% 14
\BOOKMARK [1][]{section*.15}{\376\377\0002\000.\0001\000\040\121\163\116\216\147\054\152\041\147\177}{section*.14}% 15
\BOOKMARK [1][]{section*.16}{\376\377\0002\000.\0002\000\040\221\312\116\111}{section*.14}% 16
\BOOKMARK [1][]{section*.17}{\376\377\0002\000.\0003\000\040\123\206\123\362}{section*.14}% 17
\BOOKMARK [2][]{section*.18}{\376\377\0002\000.\0003\000.\0001\000\040\000\040\000T\000e\000X\000\040\150\074\137\017}{section*.17}% 18
\BOOKMARK [2][]{section*.19}{\376\377\0002\000.\0003\000.\0002\000\040\000P\000l\000a\000i\000n\000\040\000T\000e\000X}{section*.17}% 19
\BOOKMARK [2][]{section*.20}{\376\377\0002\000.\0003\000.\0003\000\040\000\040\000L\000a\000T\000e\000X\000\040}{section*.17}% 20
\BOOKMARK [2][]{section*.21}{\376\377\0002\000.\0003\000.\0004\000\040\000L\000a\000T\000e\000X\0002\000e}{section*.17}% 21
\BOOKMARK [2][]{section*.22}{\376\377\0002\000.\0003\000.\0005\000\040\000\040\000L\000a\000T\000e\000X\000\040\124\004\162\110\147\054\121\163\174\373}{section*.17}% 22
\BOOKMARK [0][]{section*.23}{\376\377\176\323\000\040\213\272}{ctitle.-1}% 23
\BOOKMARK [0][]{section*.25}{\376\377\201\364\000\040\214\042}{ctitle.-1}% 24
\BOOKMARK [0][]{section*.28}{\376\377\123\302\200\003\145\207\163\056}{ctitle.-1}% 25
\BOOKMARK [0][]{section*.29}{\376\377\131\026\145\207\215\104\145\231}{ctitle.-1}% 26
\BOOKMARK [0][]{section*.31}{\376\377\116\055\145\207\213\321\145\207}{ctitle.-1}% 27
\BOOKMARK [0][]{section*.33}{\376\377\156\220\116\343\170\001}{ctitle.-1}% 28
