This is pdfTeX, Version 3.14159265-2.6-1.40.16 (TeX Live 2015/W32TeX) (preloaded format=pdflatex 2016.3.9)  12 MAR 2016 14:08
entering extended mode
 restricted \write18 enabled.
 %&-line parsing enabled.
**./sourcecode.tex
(./sourcecode.tex
LaTeX2e <2016/02/01>
Babel <3.9q> and hyphenation patterns for 81 language(s) loaded.
! Undefined control sequence.
l.3 \titlecontents
                  {chapter}[2em]{\vspace{.5\baselineskip}\bf\xiaosi\song}
The control sequence at the end of the top line
of your error message was never \def'ed. If you have
misspelled it (e.g., `\hobx'), type `I' and the correct
spelling (e.g., `I\hbox'). Otherwise just continue,
and I'll forget about whatever was undefined.


! LaTeX Error: Missing \begin{document}.

See the LaTeX manual or LaTeX Companion for explanation.
Type  H <return>  for immediate help.
 ...                                              
                                                  
l.3 \titlecontents{c
                    hapter}[2em]{\vspace{.5\baselineskip}\bf\xiaosi\song}
You're in trouble here.  Try typing  <return>  to proceed.
If that doesn't work, type  X <return>  to quit.

Missing character: There is no c in font nullfont!
Missing character: There is no h in font nullfont!
Missing character: There is no a in font nullfont!
Missing character: There is no p in font nullfont!
Missing character: There is no t in font nullfont!
Missing character: There is no e in font nullfont!
Missing character: There is no r in font nullfont!
Missing character: There is no [ in font nullfont!
Missing character: There is no 2 in font nullfont!
Missing character: There is no e in font nullfont!
Missing character: There is no m in font nullfont!
Missing character: There is no ] in font nullfont!
! Undefined control sequence.
l.3 ...s{chapter}[2em]{\vspace{.5\baselineskip}\bf
                                                  \xiaosi\song}
The control sequence at the end of the top line
of your error message was never \def'ed. If you have
misspelled it (e.g., `\hobx'), type `I' and the correct
spelling (e.g., `I\hbox'). Otherwise just continue,
and I'll forget about whatever was undefined.

! Undefined control sequence.
l.3 ...er}[2em]{\vspace{.5\baselineskip}\bf\xiaosi
                                                  \song}
The control sequence at the end of the top line
of your error message was never \def'ed. If you have
misspelled it (e.g., `\hobx'), type `I' and the correct
spelling (e.g., `I\hbox'). Otherwise just continue,
and I'll forget about whatever was undefined.

! Undefined control sequence.
l.3 ...em]{\vspace{.5\baselineskip}\bf\xiaosi\song
                                                  }
The control sequence at the end of the top line
of your error message was never \def'ed. If you have
misspelled it (e.g., `\hobx'), type `I' and the correct
spelling (e.g., `I\hbox'). Otherwise just continue,
and I'll forget about whatever was undefined.

! Undefined control sequence.
l.4              {\prechaptername
                                 \CJKnumber{\thecontentslabel}\postchapterna...
The control sequence at the end of the top line
of your error message was never \def'ed. If you have
misspelled it (e.g., `\hobx'), type `I' and the correct
spelling (e.g., `I\hbox'). Otherwise just continue,
and I'll forget about whatever was undefined.

! Undefined control sequence.
l.4              {\prechaptername\CJKnumber
                                           {\thecontentslabel}\postchapterna...
The control sequence at the end of the top line
of your error message was never \def'ed. If you have
misspelled it (e.g., `\hobx'), type `I' and the correct
spelling (e.g., `I\hbox'). Otherwise just continue,
and I'll forget about whatever was undefined.

! Undefined control sequence.
l.4 ...\prechaptername\CJKnumber{\thecontentslabel
                                                  }\postchaptername\qquad}{}
The control sequence at the end of the top line
of your error message was never \def'ed. If you have
misspelled it (e.g., `\hobx'), type `I' and the correct
spelling (e.g., `I\hbox'). Otherwise just continue,
and I'll forget about whatever was undefined.

! Undefined control sequence.
l.4 ...JKnumber{\thecontentslabel}\postchaptername
                                                  \qquad}{}
The control sequence at the end of the top line
of your error message was never \def'ed. If you have
misspelled it (e.g., `\hobx'), type `I' and the correct
spelling (e.g., `I\hbox'). Otherwise just continue,
and I'll forget about whatever was undefined.

! Undefined control sequence.
l.9 \chapter
            *{Ê∫ê‰ª£Á†Å}
The control sequence at the end of the top line
of your error message was never \def'ed. If you have
misspelled it (e.g., `\hobx'), type `I' and the correct
spelling (e.g., `I\hbox'). Otherwise just continue,
and I'll forget about whatever was undefined.

Missing character: There is no * in font nullfont!
Missing character: There is no Ê in font nullfont!
Missing character: There is no ∫ in font nullfont!
Missing character: There is no ê in font nullfont!
Missing character: There is no ‰ in font nullfont!
Missing character: There is no ª in font nullfont!
Missing character: There is no £ in font nullfont!
Missing character: There is no Á in font nullfont!
Missing character: There is no † in font nullfont!
Missing character: There is no Å in font nullfont!

Overfull \hbox (20.0pt too wide) in paragraph at lines 3--10
[]
 []


! LaTeX Error: Missing \begin{document}.

See the LaTeX manual or LaTeX Companion for explanation.
Type  H <return>  for immediate help.
 ...                                              
                                                  
l.11 Ê
      ∫ê‰ª£Á†Å„ÄÇ
You're in trouble here.  Try typing  <return>  to proceed.
If that doesn't work, type  X <return>  to quit.

Missing character: There is no Ê in font nullfont!
Missing character: There is no ∫ in font nullfont!
Missing character: There is no ê in font nullfont!
Missing character: There is no ‰ in font nullfont!
Missing character: There is no ª in font nullfont!
Missing character: There is no £ in font nullfont!
Missing character: There is no Á in font nullfont!
Missing character: There is no † in font nullfont!
Missing character: There is no Å in font nullfont!
Missing character: There is no „ in font nullfont!
Missing character: There is no Ä in font nullfont!
Missing character: There is no Ç in font nullfont!

Overfull \hbox (20.0pt too wide) in paragraph at lines 11--12
[] 
 []


! LaTeX Error: Missing \begin{document}.

See the LaTeX manual or LaTeX Companion for explanation.
Type  H <return>  for immediate help.
 ...                                              
                                                  
l.13 .
      ..
You're in trouble here.  Try typing  <return>  to proceed.
If that doesn't work, type  X <return>  to quit.

Missing character: There is no . in font nullfont!
Missing character: There is no . in font nullfont!
Missing character: There is no . in font nullfont!
)
! Emergency stop.
<*> ./sourcecode.tex
                    
*** (job aborted, no legal \end found)

 
Here is how much of TeX's memory you used:
 5 strings out of 493033
 148 string characters out of 6137755
 53492 words of memory out of 5000000
 3641 multiletter control sequences out of 15000+600000
 3640 words of font info for 14 fonts, out of 8000000 for 9000
 1141 hyphenation exceptions out of 8191
 5i,1n,4p,106b,22s stack positions out of 5000i,500n,10000p,200000b,80000s
!  ==> Fatal error occurred, no output PDF file produced!
